<?xml version="1.0" encoding="UTF-8"?>
<Site BuildName="Linux-g++"
	BuildStamp="20250621-2251-Continuous"
	Name="codespaces-b534ef"
	Generator="ctest-3.16.3"
	CompilerName="/usr/bin/g++"
	CompilerVersion=""
	OSName="Linux"
	Hostname="codespaces-b534ef"
	OSRelease="6.8.0-1027-azure"
	OSVersion="#32~22.04.1-Ubuntu SMP Thu Apr  3 20:26:27 UTC 2025"
	OSPlatform="x86_64"
	Is64Bits="1"
	VendorString="AuthenticAMD"
	VendorID="Advanced Micro Devices"
	FamilyID="25"
	ModelID="1"
	ProcessorCacheSize="512"
	NumberOfLogicalCPU="2"
	NumberOfPhysicalCPU="1"
	TotalVirtualMemory="0"
	TotalPhysicalMemory="7938"
	LogicalProcessorsPerPhysical="2"
	ProcessorClockFrequency="3246.02"
	>
	<Configure>
		<StartDateTime>Jun 21 22:51 UTC</StartDateTime>
		<StartConfigureTime>1750546272</StartConfigureTime>
		<ConfigureCommand>"/usr/bin/cmake" "/workspaces/git/contrib/buildsystems"</ConfigureCommand>
		<Log>Generating Git version
-- Configuring done
-- Generating done
-- Build files have been written to: /workspaces/git/build
</Log>
		<ConfigureStatus>0</ConfigureStatus>
		<EndDateTime>Jun 21 22:51 UTC</EndDateTime>
		<EndConfigureTime>1750546272</EndConfigureTime>
		<ElapsedMinutes>0</ElapsedMinutes>
	</Configure>
</Site>
